<?xml version="1.0" encoding="UTF-8"?>
<testsuite xmlns:xsi="http://www.w3.org/2001/XMLSchema-instance" xsi:noNamespaceSchemaLocation="https://maven.apache.org/surefire/maven-surefire-plugin/xsd/surefire-test-report-3.0.xsd" version="3.0" name="com.example.spring_cloud_azure.SpringCloudAzureApplicationTests" time="3.427" tests="1" errors="0" skipped="0" failures="0">
  <properties>
[...]
</properties>
  <testcase name="contextLoads" classname="com.example.spring_cloud_azure.SpringCloudAzureApplicationTests" time="0.755">
    <system-out><![CDATA[23:17:45.075 [main] INFO org.springframework.test.context.support.AnnotationConfigContextLoaderUtils -- Could not detect default configuration classes for test class [com.example.spring_cloud_azure.SpringCloudAzureApplicationTests]: SpringCloudAzureApplicationTests does not declare any static, non-private, non-final, nested classes annotated with @Configuration.
23:17:45.190 [main] INFO org.springframework.boot.test.context.SpringBootTestContextBootstrapper -- Found @SpringBootConfiguration com.example.spring_cloud_azure.SpringCloudAzureApplication for test class com.example.spring_cloud_azure.SpringCloudAzureApplicationTests

  .   ____          _            __ _ _
 /\\ / ___'_ __ _ _(_)_ __  __ _ \ \ \ \
( ( )\___ | '_ | '_| | '_ \/ _` | \ \ \ \
 \\/  ___)| |_)| | | | | || (_| |  ) ) ) )
  '  |____| .__|_| |_|_| |_\__, | / / / /
 =========|_|==============|___/=/_/_/_/

 :: Spring Boot ::                (v3.4.0)

2024-12-23T23:17:45.740+09:00  INFO 10208 --- [spring-cloud-azure] [           main] c.e.s.SpringCloudAzureApplicationTests   : Starting SpringCloudAzureApplicationTests using Java 17.0.2 with PID 10208 (started by kej90 in C:\java\javad\spring-cloud-azure)
2024-12-23T23:17:45.740+09:00  INFO 10208 --- [spring-cloud-azure] [           main] c.e.s.SpringCloudAzureApplicationTests   : No active profile set, falling back to 1 default profile: "default"
2024-12-23T23:17:47.521+09:00  INFO 10208 --- [spring-cloud-azure] [           main] c.e.s.SpringCloudAzureApplicationTests   : Started SpringCloudAzureApplicationTests in 2.163 seconds (process running for 3.164)
]]></system-out>
  </testcase>
</testsuite>